{
    "Comment Check.You used 2 comments, should be between 3 < No limit": "TEST_STATUS_FAILURE",
    "WebDriverWait Check.You used 4 waits, should be between 1 < No limit": "TEST_STATUS_SUCCESS",
    "Sleep statement Check.You used 2 sleep statements, should be between No limit < 20": "TEST_STATUS_SUCCESS",
    "System Out Printline or Logging Check.You used 2 System out Printline statements, should be between 3 < No limit": "TEST_STATUS_FAILURE",
    "Test Case 1 - Collect Hockey Score Data.Collected Hockey Score Data": "TEST_STATUS_SUCCESS",
    "Test Case 2 - Collect Film Award Data.TestNG Test Method 'testCase02' is not Implemented": "TEST_STATUS_FAILURE"
}